{"name": "test_delete_group[english]", "status": "failed", "statusDetails": {"message": "AssertionError: assert 200 == 123\n  +200\n  -123", "trace": "self = <case.test_grouping.TestGrouping object at 0x0000025B932B5730>\na = \"[?name=='qwe'].id\", check = 200\n\n    @pytest.mark.parametrize(\"a,check\",\n                             [(\"[?name=='#'].id\", 200), (\"[?name=='111'].id\", 200), (\"[?name=='qwe'].id\", 200)],\n                             ids=[\"special\", \"int\", \"english\"])\n    def test_delete_group(self, a, check):\n        r = self.group.get_list(1)\n        id = self.group.jme_json(a, r.json())\n        res = self.group.delete_group(id)\n        assert res.status_code == check\n>       assert res.status_code == 123\nE       assert 200 == 123\nE         +200\nE         -123\n\ntest_grouping.py:48: AssertionError"}, "parameters": [{"name": "a", "value": "'[?name=='qwe'].id'"}, {"name": "check", "value": "200"}], "start": 1642648671063, "stop": 1642648671678, "uuid": "34fbbad6-30ef-41bf-9742-9ad507887ba5", "historyId": "01942650892d1b89400e2cd6a61c73c4", "testCaseId": "28e6bd437b3954c89bb204909e7f0630", "fullName": "case.test_grouping.TestGrouping#test_delete_group", "labels": [{"name": "parentSuite", "value": "case"}, {"name": "suite", "value": "test_grouping"}, {"name": "subSuite", "value": "TestGrouping"}, {"name": "host", "value": "LAPTOP-UV5E2PNV"}, {"name": "thread", "value": "30020-MainThread"}, {"name": "framework", "value": "pytest"}, {"name": "language", "value": "cpython3"}, {"name": "package", "value": "case.test_grouping"}]}